Logger started at: den 15 oktober 2014 kl 23:54 CEST
Component: com.aptana.js.debug.core
Version: 3.0.3.1399489002
[54:30.406] Sent: >21*1413410070401*version<
[54:30.408] Recv: >1413410070401*1*1.0.2.1<
[54:30.412] Sent: >36*1413410070402*option*monitorXHR*true<
[54:30.414] Recv: >1413410070402*!unknown option <monitorXHR><
[54:30.414] Sent: >45*1413410070403*option*suspendOnFirstLine*false<
[54:30.416] Recv: >1413410070403<
[54:30.416] Sent: >46*1413410070404*option*suspendOnExceptions*false<
[54:30.417] Recv: >1413410070404<
[54:30.418] Sent: >41*1413410070405*option*suspendOnErrors*true<
[54:30.419] Recv: >1413410070405<
[54:30.419] Sent: >43*1413410070406*option*suspendOnKeywords*true<
[54:30.421] Recv: >1413410070406<
[54:30.421] Sent: >45*1413410070407*option*bypassConstructors*false<
[54:30.422] Recv: >1413410070407*!unknown option <bypassConstructors><
[54:30.423] Sent: >45*1413410070408*option*stepFiltersEnabled*false<
[54:30.424] Recv: >1413410070408*!unknown option <stepFiltersEnabled><
[54:30.425] Sent: >45*1413410070410*option*stepFiltersEnabled*false<
[54:30.425] Sent: >30*1413410070409*detailFormatters<
[54:30.426] Recv: >1413410070410*!unknown option <stepFiltersEnabled><
[54:30.427] Recv: >1413410070409<
[54:30.428] Sent: >97*1413410070411*breakpoint*create*http://127.0.0.1:8020/TeamGenerator/javascript/main.js*118*1*0**1<
[54:30.429] Recv: >1413410070411*created<
[54:30.429] Sent: >20*1413410070412*enable<
[54:30.432] Recv: >1413410070412<
[54:30.433] Sent: >76*1413410070413*openUrl*http://127.0.0.1:8020/TeamGenerator/javascript/main.js<
[54:30.435] Recv: >1413410070413<
----------End of file----------
